# JRE version: Java(TM) SE Runtime Environment (8.0_221-b11) (build 1.8.0_221-b11)
# Java VM: Java HotSpot(TM) 64-Bit Server VM (25.221-b11 mixed mode windows-amd64 compressed oops)
Heap:
 PSYoungGen      total 272896K, used 27730K [0x000000078b000000, 0x000000079e180000, 0x00000007c0000000)
  eden space 258560K, 10% used [0x000000078b000000,0x000000078cb149c8,0x000000079ac80000)
  from space 14336K, 0% used [0x000000079bb00000,0x000000079bb00000,0x000000079c900000)
  to   space 14848K, 0% used [0x000000079ac80000,0x000000079ac80000,0x000000079bb00000)
 ParOldGen       total 108544K, used 27378K [0x0000000721000000, 0x0000000727a00000, 0x000000078b000000)
  object space 108544K, 25% used [0x0000000721000000,0x0000000722abc960,0x0000000727a00000)
 Metaspace       used 57388K, capacity 60184K, committed 60284K, reserved 1101824K
  class space    used 7813K, capacity 8268K, committed 8316K, reserved 1048576K
GC Heap History (10 events):
Event: 3.327 GC heap before
{Heap before GC invocations=9 (full 1):
 PSYoungGen      total 172032K, used 23344K [0x000000078b000000, 0x000000079c900000, 0x00000007c0000000)
  eden space 160768K, 7% used [0x000000078b000000,0x000000078bbce248,0x0000000794d00000)
  from space 11264K, 99% used [0x0000000794d00000,0x00000007957fe098,0x0000000795800000)
  to   space 14336K, 0% used [0x000000079bb00000,0x000000079bb00000,0x000000079c900000)
 ParOldGen       total 55808K, used 9139K [0x0000000721000000, 0x0000000724680000, 0x000000078b000000)
  object space 55808K, 16% used [0x0000000721000000,0x00000007218ecc98,0x0000000724680000)
 Metaspace       used 34406K, capacity 35952K, committed 36048K, reserved 1081344K
  class space    used 4385K, capacity 4684K, committed 4732K, reserved 1048576K
Event: 3.336 GC heap after
Heap after GC invocations=9 (full 1):
 PSYoungGen      total 272896K, used 11031K [0x000000078b000000, 0x000000079e180000, 0x00000007c0000000)
  eden space 258560K, 0% used [0x000000078b000000,0x000000078b000000,0x000000079ac80000)
  from space 14336K, 76% used [0x000000079bb00000,0x000000079c5c5f98,0x000000079c900000)
  to   space 14848K, 0% used [0x000000079ac80000,0x000000079ac80000,0x000000079bb00000)
 ParOldGen       total 55808K, used 9147K [0x0000000721000000, 0x0000000724680000, 0x000000078b000000)
  object space 55808K, 16% used [0x0000000721000000,0x00000007218eec98,0x0000000724680000)
 Metaspace       used 34406K, capacity 35952K, committed 36048K, reserved 1081344K
  class space    used 4385K, capacity 4684K, committed 4732K, reserved 1048576K
}
Event: 3.336 GC heap before
{Heap before GC invocations=10 (full 2):
 PSYoungGen      total 272896K, used 11031K [0x000000078b000000, 0x000000079e180000, 0x00000007c0000000)
  eden space 258560K, 0% used [0x000000078b000000,0x000000078b000000,0x000000079ac80000)
  from space 14336K, 76% used [0x000000079bb00000,0x000000079c5c5f98,0x000000079c900000)
  to   space 14848K, 0% used [0x000000079ac80000,0x000000079ac80000,0x000000079bb00000)
 ParOldGen       total 55808K, used 9147K [0x0000000721000000, 0x0000000724680000, 0x000000078b000000)
  object space 55808K, 16% used [0x0000000721000000,0x00000007218eec98,0x0000000724680000)
 Metaspace       used 34406K, capacity 35952K, committed 36048K, reserved 1081344K
  class space    used 4385K, capacity 4684K, committed 4732K, reserved 1048576K
Event: 3.382 GC heap after
Heap after GC invocations=10 (full 2):
 PSYoungGen      total 272896K, used 0K [0x000000078b000000, 0x000000079e180000, 0x00000007c0000000)
  eden space 258560K, 0% used [0x000000078b000000,0x000000078b000000,0x000000079ac80000)
  from space 14336K, 0% used [0x000000079bb00000,0x000000079bb00000,0x000000079c900000)
  to   space 14848K, 0% used [0x000000079ac80000,0x000000079ac80000,0x000000079bb00000)
 ParOldGen       total 79360K, used 15790K [0x0000000721000000, 0x0000000725d80000, 0x000000078b000000)
  object space 79360K, 19% used [0x0000000721000000,0x0000000721f6b858,0x0000000725d80000)
 Metaspace       used 34406K, capacity 35952K, committed 36048K, reserved 1081344K
  class space    used 4385K, capacity 4684K, committed 4732K, reserved 1048576K
}
Event: 6.327 GC heap before
{Heap before GC invocations=11 (full 2):
 PSYoungGen      total 272896K, used 258560K [0x000000078b000000, 0x000000079e180000, 0x00000007c0000000)
  eden space 258560K, 100% used [0x000000078b000000,0x000000079ac80000,0x000000079ac80000)
  from space 14336K, 0% used [0x000000079bb00000,0x000000079bb00000,0x000000079c900000)
  to   space 14848K, 0% used [0x000000079ac80000,0x000000079ac80000,0x000000079bb00000)
 ParOldGen       total 79360K, used 15790K [0x0000000721000000, 0x0000000725d80000, 0x000000078b000000)
  object space 79360K, 19% used [0x0000000721000000,0x0000000721f6b858,0x0000000725d80000)
 Metaspace       used 56295K, capacity 58902K, committed 59132K, reserved 1099776K
  class space    used 7645K, capacity 8093K, committed 8188K, reserved 1048576K
Event: 6.357 GC heap after
Heap after GC invocations=11 (full 2):
 PSYoungGen      total 273408K, used 14835K [0x000000078b000000, 0x000000079e180000, 0x00000007c0000000)
  eden space 258560K, 0% used [0x000000078b000000,0x000000078b000000,0x000000079ac80000)
  from space 14848K, 99% used [0x000000079ac80000,0x000000079bafce80,0x000000079bb00000)
  to   space 14336K, 0% used [0x000000079bb00000,0x000000079bb00000,0x000000079c900000)
 ParOldGen       total 79360K, used 28813K [0x0000000721000000, 0x0000000725d80000, 0x000000078b000000)
  object space 79360K, 36% used [0x0000000721000000,0x0000000722c236a0,0x0000000725d80000)
 Metaspace       used 56295K, capacity 58902K, committed 59132K, reserved 1099776K
  class space    used 7645K, capacity 8093K, committed 8188K, reserved 1048576K
}
Event: 6.633 GC heap before
{Heap before GC invocations=12 (full 2):
 PSYoungGen      total 273408K, used 47155K [0x000000078b000000, 0x000000079e180000, 0x00000007c0000000)
  eden space 258560K, 12% used [0x000000078b000000,0x000000078cf8ff90,0x000000079ac80000)
  from space 14848K, 99% used [0x000000079ac80000,0x000000079bafce80,0x000000079bb00000)
  to   space 14336K, 0% used [0x000000079bb00000,0x000000079bb00000,0x000000079c900000)
 ParOldGen       total 79360K, used 28813K [0x0000000721000000, 0x0000000725d80000, 0x000000078b000000)
  object space 79360K, 36% used [0x0000000721000000,0x0000000722c236a0,0x0000000725d80000)
 Metaspace       used 57191K, capacity 59884K, committed 60028K, reserved 1101824K
  class space    used 7760K, capacity 8234K, committed 8316K, reserved 1048576K
Event: 6.646 GC heap after
Heap after GC invocations=12 (full 2):
 PSYoungGen      total 272896K, used 13109K [0x000000078b000000, 0x000000079e180000, 0x00000007c0000000)
  eden space 258560K, 0% used [0x000000078b000000,0x000000078b000000,0x000000079ac80000)
  from space 14336K, 91% used [0x000000079bb00000,0x000000079c7cd798,0x000000079c900000)
  to   space 14848K, 0% used [0x000000079ac80000,0x000000079ac80000,0x000000079bb00000)
 ParOldGen       total 79360K, used 28821K [0x0000000721000000, 0x0000000725d80000, 0x000000078b000000)
  object space 79360K, 36% used [0x0000000721000000,0x0000000722c256a0,0x0000000725d80000)
 Metaspace       used 57191K, capacity 59884K, committed 60028K, reserved 1101824K
  class space    used 7760K, capacity 8234K, committed 8316K, reserved 1048576K
}
Event: 6.646 GC heap before
{Heap before GC invocations=13 (full 3):
 PSYoungGen      total 272896K, used 13109K [0x000000078b000000, 0x000000079e180000, 0x00000007c0000000)
  eden space 258560K, 0% used [0x000000078b000000,0x000000078b000000,0x000000079ac80000)
  from space 14336K, 91% used [0x000000079bb00000,0x000000079c7cd798,0x000000079c900000)
  to   space 14848K, 0% used [0x000000079ac80000,0x000000079ac80000,0x000000079bb00000)
 ParOldGen       total 79360K, used 28821K [0x0000000721000000, 0x0000000725d80000, 0x000000078b000000)
  object space 79360K, 36% used [0x0000000721000000,0x0000000722c256a0,0x0000000725d80000)
 Metaspace       used 57191K, capacity 59884K, committed 60028K, reserved 1101824K
  class space    used 7760K, capacity 8234K, committed 8316K, reserved 1048576K
Event: 6.793 GC heap after
Heap after GC invocations=13 (full 3):
 PSYoungGen      total 272896K, used 0K [0x000000078b000000, 0x000000079e180000, 0x00000007c0000000)
  eden space 258560K, 0% used [0x000000078b000000,0x000000078b000000,0x000000079ac80000)
  from space 14336K, 0% used [0x000000079bb00000,0x000000079bb00000,0x000000079c900000)
  to   space 14848K, 0% used [0x000000079ac80000,0x000000079ac80000,0x000000079bb00000)
 ParOldGen       total 108544K, used 27378K [0x0000000721000000, 0x0000000727a00000, 0x000000078b000000)
  object space 108544K, 25% used [0x0000000721000000,0x0000000722abc960,0x0000000727a00000)
 Metaspace       used 57191K, capacity 59884K, committed 60028K, reserved 1101824K
  class space    used 7760K, capacity 8234K, committed 8316K, reserved 1048576K
}

